> Building...
√ Building...
Initial chunk files | Names         |  Raw size
main.js             | main          | 140.24 kB | 
styles.css          | styles        |  47.22 kB | 

                    | Initial total | 187.46 kB

Application bundle generation complete. [1.048 seconds] - 2026-06-18T20:37:33.585Z

Watch mode enabled. Watching for file changes...
NOTE: Raw file sizes do not reflect development server per-request transformations.
  [32m➜[39m  [1mLocal[22m:   [36mhttp://localhost:[1m4250[22m/[39m
> Changes detected. Rebuilding...
√ Changes detected. Rebuilding...
Initial chunk files | Names         |  Raw size
main.js             | main          | 140.25 kB | 
styles.css          | styles        |  47.25 kB | 

                    | Initial total | 187.50 kB

Application bundle generation complete. [0.445 seconds] - 2026-06-18T20:43:11.573Z

Stylesheet update sent to client(s).
Component update sent to client(s).
> Changes detected. Rebuilding...
√ Changes detected. Rebuilding...
Initial chunk files | Names         |  Raw size
main.js             | main          | 140.26 kB | 
styles.css          | styles        |  47.29 kB | 

                    | Initial total | 187.55 kB

Application bundle generation complete. [0.236 seconds] - 2026-06-18T20:43:17.967Z

Stylesheet update sent to client(s).
Component update sent to client(s).
> Changes detected. Rebuilding...
√ Changes detected. Rebuilding...
Initial chunk files | Names |  Raw size
main.js             | main  | 140.37 kB | 

Application bundle generation complete. [0.213 seconds] - 2026-06-18T20:43:27.333Z

Component update sent to client(s).
> Changes detected. Rebuilding...
√ Changes detected. Rebuilding...
Initial chunk files | Names         |  Raw size
main.js             | main          | 140.37 kB | 
styles.css          | styles        |  47.33 kB | 

                    | Initial total | 187.70 kB

Application bundle generation complete. [0.214 seconds] - 2026-06-18T20:43:35.179Z

Stylesheet update sent to client(s).
Component update sent to client(s).
> Changes detected. Rebuilding...
√ Changes detected. Rebuilding...
Initial chunk files | Names         |  Raw size
main.js             | main          | 140.42 kB | 
styles.css          | styles        |  47.45 kB | 

                    | Initial total | 187.88 kB

Application bundle generation complete. [0.205 seconds] - 2026-06-18T20:43:43.916Z

Stylesheet update sent to client(s).
Component update sent to client(s).
> Changes detected. Rebuilding...
√ Changes detected. Rebuilding...
Initial chunk files | Names  | Raw size
styles.css          | styles | 47.56 kB | 

Application bundle generation complete. [0.064 seconds] - 2026-06-18T20:43:55.279Z

Stylesheet update sent to client(s).
> Changes detected. Rebuilding...
√ Changes detected. Rebuilding...
Initial chunk files | Names         |  Raw size
main.js             | main          | 140.64 kB | 
styles.css          | styles        |  47.81 kB | 

                    | Initial total | 188.45 kB

Application bundle generation complete. [0.252 seconds] - 2026-06-18T20:44:18.626Z

Stylesheet update sent to client(s).
Component update sent to client(s).
> Changes detected. Rebuilding...
√ Changes detected. Rebuilding...
Initial chunk files | Names |  Raw size
main.js             | main  | 140.64 kB | 

Application bundle generation complete. [0.206 seconds] - 2026-06-18T20:44:26.367Z

Component update sent to client(s).
> Changes detected. Rebuilding...
√ Changes detected. Rebuilding...
Initial chunk files | Names |  Raw size
main.js             | main  | 140.64 kB | 

Application bundle generation complete. [0.198 seconds] - 2026-06-18T20:44:40.144Z

Component update sent to client(s).
> Changes detected. Rebuilding...
√ Changes detected. Rebuilding...
Initial chunk files | Names |  Raw size
main.js             | main  | 140.70 kB | 

Application bundle generation complete. [0.221 seconds] - 2026-06-18T21:09:22.176Z

Page reload sent to client(s).
> Changes detected. Rebuilding...
√ Changes detected. Rebuilding...
Initial chunk files | Names |  Raw size
main.js             | main  | 141.17 kB | 

Application bundle generation complete. [0.224 seconds] - 2026-06-18T21:10:50.040Z

Component update sent to client(s).
> Changes detected. Rebuilding...
√ Changes detected. Rebuilding...
Initial chunk files | Names |  Raw size
main.js             | main  | 141.17 kB | 

Application bundle generation complete. [0.290 seconds] - 2026-06-18T21:16:40.379Z

Page reload sent to client(s).
> Changes detected. Rebuilding...
√ Changes detected. Rebuilding...
Application bundle generation failed. [0.263 seconds] - 2026-06-18T21:17:30.861Z

> Changes detected. Rebuilding...
√ Changes detected. Rebuilding...
Initial chunk files | Names         |  Raw size
main.js             | main          | 144.87 kB | 
styles.css          | styles        |  47.99 kB | 

                    | Initial total | 192.86 kB

Application bundle generation complete. [0.260 seconds] - 2026-06-18T21:17:56.749Z

Page reload sent to client(s).
> Changes detected. Rebuilding...
√ Changes detected. Rebuilding...
Initial chunk files | Names |  Raw size
main.js             | main  | 145.38 kB | 

Application bundle generation complete. [0.226 seconds] - 2026-06-18T21:18:07.096Z

Page reload sent to client(s).
> Changes detected. Rebuilding...
√ Changes detected. Rebuilding...
Initial chunk files | Names |  Raw size
main.js             | main  | 145.38 kB | 

Application bundle generation complete. [0.220 seconds] - 2026-06-18T21:18:27.072Z

Page reload sent to client(s).
> Changes detected. Rebuilding...
√ Changes detected. Rebuilding...
Initial chunk files | Names |  Raw size
main.js             | main  | 145.55 kB | 

Application bundle generation complete. [0.243 seconds] - 2026-06-18T21:18:35.423Z

Page reload sent to client(s).
> Changes detected. Rebuilding...
√ Changes detected. Rebuilding...
Initial chunk files | Names |  Raw size
main.js             | main  | 147.31 kB | 

Application bundle generation complete. [0.242 seconds] - 2026-06-18T21:18:48.890Z

Component update sent to client(s).
> Changes detected. Rebuilding...
√ Changes detected. Rebuilding...
Application bundle generation failed. [0.281 seconds] - 2026-06-18T21:21:14.621Z

> Changes detected. Rebuilding...
√ Changes detected. Rebuilding...
Application bundle generation failed. [0.259 seconds] - 2026-06-18T21:21:25.650Z

> Changes detected. Rebuilding...
√ Changes detected. Rebuilding...
Initial chunk files | Names         |  Raw size
main.js             | main          | 152.55 kB | 
styles.css          | styles        |  48.77 kB | 

                    | Initial total | 201.32 kB

Application bundle generation complete. [0.251 seconds] - 2026-06-18T21:21:34.594Z

Page reload sent to client(s).
> Changes detected. Rebuilding...
√ Changes detected. Rebuilding...
Application bundle generation failed. [0.289 seconds] - 2026-06-18T21:32:17.100Z

> Changes detected. Rebuilding...
√ Changes detected. Rebuilding...
Application bundle generation failed. [0.221 seconds] - 2026-06-18T21:32:28.142Z

> Changes detected. Rebuilding...
√ Changes detected. Rebuilding...
Application bundle generation failed. [0.204 seconds] - 2026-06-18T21:32:44.598Z

> Changes detected. Rebuilding...
√ Changes detected. Rebuilding...
Application bundle generation failed. [0.207 seconds] - 2026-06-18T21:32:58.175Z

> Changes detected. Rebuilding...
√ Changes detected. Rebuilding...
Application bundle generation failed. [0.169 seconds] - 2026-06-18T21:33:22.311Z

> Changes detected. Rebuilding...
√ Changes detected. Rebuilding...
Application bundle generation failed. [0.221 seconds] - 2026-06-18T21:33:56.734Z

> Changes detected. Rebuilding...
√ Changes detected. Rebuilding...
Initial chunk files | Names         |  Raw size
main.js             | main          | 182.68 kB | 
styles.css          | styles        |  49.70 kB | 

                    | Initial total | 232.38 kB

Application bundle generation complete. [0.208 seconds] - 2026-06-18T21:34:20.322Z

Page reload sent to client(s).
> Changes detected. Rebuilding...
√ Changes detected. Rebuilding...
Application bundle generation failed. [0.202 seconds] - 2026-06-18T21:36:56.880Z

> Changes detected. Rebuilding...
√ Changes detected. Rebuilding...
Initial chunk files | Names         |  Raw size
main.js             | main          | 183.53 kB | 
styles.css          | styles        |  49.70 kB | 

                    | Initial total | 233.24 kB

Application bundle generation complete. [0.238 seconds] - 2026-06-18T21:37:11.514Z

Page reload sent to client(s).
> Changes detected. Rebuilding...
√ Changes detected. Rebuilding...
Initial chunk files | Names  | Raw size
styles.css          | styles | 49.96 kB | 

Application bundle generation complete. [0.113 seconds] - 2026-06-18T21:39:43.964Z

Stylesheet update sent to client(s).
> Changes detected. Rebuilding...
√ Changes detected. Rebuilding...
Initial chunk files | Names         |  Raw size
main.js             | main          | 183.53 kB | 
styles.css          | styles        |  49.96 kB | 

                    | Initial total | 233.50 kB

Application bundle generation complete. [0.099 seconds] - 2026-06-18T21:39:55.745Z

> Changes detected. Rebuilding...
√ Changes detected. Rebuilding...
Initial chunk files | Names         |  Raw size
main.js             | main          | 183.53 kB | 
styles.css          | styles        |  49.96 kB | 

                    | Initial total | 233.50 kB

Application bundle generation complete. [0.099 seconds] - 2026-06-18T21:40:07.718Z

> Changes detected. Rebuilding...
√ Changes detected. Rebuilding...
Initial chunk files | Names         |  Raw size
main.js             | main          | 183.53 kB | 
styles.css          | styles        |  49.96 kB | 

                    | Initial total | 233.50 kB

Application bundle generation complete. [0.115 seconds] - 2026-06-18T21:41:20.343Z

